[debug] [2024-05-09T13:43:17.329Z] ----------------------------------------------------------------------
[debug] [2024-05-09T13:43:17.333Z] Command:       C:\Program Files\nodejs\node.exe C:\Users\Talha Tariq\AppData\Roaming\npm\node_modules\firebase-tools\lib\bin\firebase.js init
[debug] [2024-05-09T13:43:17.333Z] CLI Version:   13.8.1
[debug] [2024-05-09T13:43:17.334Z] Platform:      win32
[debug] [2024-05-09T13:43:17.334Z] Node Version:  v20.13.0
[debug] [2024-05-09T13:43:17.334Z] Time:          Thu May 09 2024 18:43:17 GMT+0500 (Pakistan Standard Time)
[debug] [2024-05-09T13:43:17.334Z] ----------------------------------------------------------------------
[debug] 
[debug] [2024-05-09T13:43:17.432Z] > command requires scopes: ["email","openid","https://www.googleapis.com/auth/cloudplatformprojects.readonly","https://www.googleapis.com/auth/firebase","https://www.googleapis.com/auth/cloud-platform"]
[debug] [2024-05-09T13:43:17.433Z] > authorizing via signed-in user (talhatariqchaudhry@gmail.com)
[info] 
     ######## #### ########  ######## ########     ###     ######  ########
     ##        ##  ##     ## ##       ##     ##  ##   ##  ##       ##
     ######    ##  ########  ######   ########  #########  ######  ######
     ##        ##  ##    ##  ##       ##     ## ##     ##       ## ##
     ##       #### ##     ## ######## ########  ##     ##  ######  ########

You're about to initialize a Firebase project in this directory:

  D:\Office\Projects-24\firebase-notification

Before we get started, keep in mind:

  * You are initializing within an existing Firebase project directory

[debug] [2024-05-09T13:47:59.149Z] ----------------------------------------------------------------------
[debug] [2024-05-09T13:47:59.153Z] Command:       C:\Program Files\nodejs\node.exe C:\Users\Talha Tariq\AppData\Roaming\npm\node_modules\firebase-tools\lib\bin\firebase.js emulators:start
[debug] [2024-05-09T13:47:59.153Z] CLI Version:   13.8.1
[debug] [2024-05-09T13:47:59.153Z] Platform:      win32
[debug] [2024-05-09T13:47:59.154Z] Node Version:  v20.13.0
[debug] [2024-05-09T13:47:59.154Z] Time:          Thu May 09 2024 18:47:59 GMT+0500 (Pakistan Standard Time)
[debug] [2024-05-09T13:47:59.154Z] ----------------------------------------------------------------------
[debug] 
[debug] [2024-05-09T13:47:59.374Z] > command requires scopes: ["email","openid","https://www.googleapis.com/auth/cloudplatformprojects.readonly","https://www.googleapis.com/auth/firebase","https://www.googleapis.com/auth/cloud-platform"]
[debug] [2024-05-09T13:47:59.375Z] > authorizing via signed-in user (talhatariqchaudhry@gmail.com)
[debug] [2024-05-09T13:47:59.525Z] java version "22.0.1" 2024-04-16

[debug] [2024-05-09T13:47:59.526Z] Java(TM) SE Runtime Environment (build 22.0.1+8-16)
Java HotSpot(TM) 64-Bit Server VM (build 22.0.1+8-16, mixed mode, sharing)

[debug] [2024-05-09T13:47:59.548Z] Parsed Java major version: 22
[info] i  emulators: Starting emulators: firestore {"metadata":{"emulator":{"name":"hub"},"message":"Starting emulators: firestore"}}
[debug] [2024-05-09T13:47:59.568Z] [logging] Logging Emulator only supports listening on one address (127.0.0.1). Not listening on ::1
[debug] [2024-05-09T13:47:59.569Z] [firestore] Firestore Emulator only supports listening on one address (127.0.0.1). Not listening on ::1
[debug] [2024-05-09T13:47:59.569Z] [firestore.websocket] websocket server for firestore only supports listening on one address (127.0.0.1). Not listening on ::1
[debug] [2024-05-09T13:47:59.569Z] assigned listening specs for emulators {"user":{"hub":[{"address":"127.0.0.1","family":"IPv4","port":4400},{"address":"::1","family":"IPv6","port":4400}],"ui":[{"address":"127.0.0.1","family":"IPv4","port":4000},{"address":"::1","family":"IPv6","port":4000}],"logging":[{"address":"127.0.0.1","family":"IPv4","port":4500}],"firestore":[{"address":"127.0.0.1","family":"IPv4","port":8080}],"firestore.websocket":[{"address":"127.0.0.1","family":"IPv4","port":9150}]},"metadata":{"message":"assigned listening specs for emulators"}}
[debug] [2024-05-09T13:47:59.582Z] [hub] writing locator at C:\Users\TALHAT~1\AppData\Local\Temp\hub-notifications-firebase-bfd03.json
[debug] [2024-05-09T13:47:59.596Z] Ignoring unsupported arg: auto_download {"metadata":{"emulator":{"name":"firestore"},"message":"Ignoring unsupported arg: auto_download"}}
[debug] [2024-05-09T13:47:59.596Z] Ignoring unsupported arg: single_project_mode_error {"metadata":{"emulator":{"name":"firestore"},"message":"Ignoring unsupported arg: single_project_mode_error"}}
[debug] [2024-05-09T13:47:59.597Z] Starting Firestore Emulator with command {"binary":"java","args":["-Dgoogle.cloud_firestore.debug_log_level=FINE","-Duser.language=en","-jar","C:\\Users\\Talha Tariq\\.cache\\firebase\\emulators\\cloud-firestore-emulator-v1.19.5.jar","--host","127.0.0.1","--port",8080,"--websocket_port",9150,"--project_id","notifications-firebase-bfd03","--rules","D:\\Office\\Projects-24\\firebase-notification\\firestore.rules","--single_project_mode",true],"optionalArgs":["port","webchannel_port","host","rules","websocket_port","functions_emulator","seed_from_export","project_id","single_project_mode"],"joinArgs":false,"shell":false} {"metadata":{"emulator":{"name":"firestore"},"message":"Starting Firestore Emulator with command {\"binary\":\"java\",\"args\":[\"-Dgoogle.cloud_firestore.debug_log_level=FINE\",\"-Duser.language=en\",\"-jar\",\"C:\\\\Users\\\\Talha Tariq\\\\.cache\\\\firebase\\\\emulators\\\\cloud-firestore-emulator-v1.19.5.jar\",\"--host\",\"127.0.0.1\",\"--port\",8080,\"--websocket_port\",9150,\"--project_id\",\"notifications-firebase-bfd03\",\"--rules\",\"D:\\\\Office\\\\Projects-24\\\\firebase-notification\\\\firestore.rules\",\"--single_project_mode\",true],\"optionalArgs\":[\"port\",\"webchannel_port\",\"host\",\"rules\",\"websocket_port\",\"functions_emulator\",\"seed_from_export\",\"project_id\",\"single_project_mode\"],\"joinArgs\":false,\"shell\":false}"}}
[info] i  firestore: Firestore Emulator logging to firestore-debug.log {"metadata":{"emulator":{"name":"firestore"},"message":"Firestore Emulator logging to \u001b[1mfirestore-debug.log\u001b[22m"}}
[info] +  firestore: Firestore Emulator UI websocket is running on 9150. {"metadata":{"emulator":{"name":"firestore"},"message":"Firestore Emulator UI websocket is running on 9150."}}
[info] i  ui: downloading ui-v1.11.8.zip... {"metadata":{"emulator":{"name":"ui"},"message":"downloading ui-v1.11.8.zip..."}}
[debug] [2024-05-09T13:48:02.142Z] >>> [apiv2][query] GET https://storage.googleapis.com/firebase-preview-drop/emulator/ui-v1.11.8.zip 
[debug] [2024-05-09T13:48:02.528Z] <<< [apiv2][status] GET https://storage.googleapis.com/firebase-preview-drop/emulator/ui-v1.11.8.zip 200
[debug] [2024-05-09T13:48:02.529Z] <<< [apiv2][body] GET https://storage.googleapis.com/firebase-preview-drop/emulator/ui-v1.11.8.zip [stream]
[debug] [2024-05-09T13:48:03.530Z] Data is 3523907
[debug] [2024-05-09T13:48:03.531Z] [unzip] Entry: client/ (compressed_size=0 bytes, uncompressed_size=0 bytes)
[debug] [2024-05-09T13:48:03.531Z] [unzip] Processing entry: client\
[debug] [2024-05-09T13:48:03.532Z] [unzip] mkdir: C:\Users\Talha Tariq\.cache\firebase\emulators\ui-v1.11.8\client\
[debug] [2024-05-09T13:48:03.538Z] [unzip] Entry: client/favicon.ico (compressed_size=2497 bytes, uncompressed_size=7406 bytes)
[debug] [2024-05-09T13:48:03.538Z] [unzip] Processing entry: client\favicon.ico
[debug] [2024-05-09T13:48:03.538Z] [unzip] else mkdir: C:\Users\Talha Tariq\.cache\firebase\emulators\ui-v1.11.8\client
[debug] [2024-05-09T13:48:03.539Z] [unzip] deflating: C:\Users\Talha Tariq\.cache\firebase\emulators\ui-v1.11.8\client\favicon.ico
[debug] [2024-05-09T13:48:03.546Z] [unzip] Entry: client/apple-touch-icon.png (compressed_size=7231 bytes, uncompressed_size=7367 bytes)
[debug] [2024-05-09T13:48:03.547Z] [unzip] Processing entry: client\apple-touch-icon.png
[debug] [2024-05-09T13:48:03.548Z] [unzip] else mkdir: C:\Users\Talha Tariq\.cache\firebase\emulators\ui-v1.11.8\client
[debug] [2024-05-09T13:48:03.548Z] [unzip] deflating: C:\Users\Talha Tariq\.cache\firebase\emulators\ui-v1.11.8\client\apple-touch-icon.png
[debug] [2024-05-09T13:48:03.550Z] [unzip] Entry: client/android-chrome-512x512.png (compressed_size=16987 bytes, uncompressed_size=18186 bytes)
[debug] [2024-05-09T13:48:03.551Z] [unzip] Processing entry: client\android-chrome-512x512.png
[debug] [2024-05-09T13:48:03.551Z] [unzip] else mkdir: C:\Users\Talha Tariq\.cache\firebase\emulators\ui-v1.11.8\client
[debug] [2024-05-09T13:48:03.551Z] [unzip] deflating: C:\Users\Talha Tariq\.cache\firebase\emulators\ui-v1.11.8\client\android-chrome-512x512.png
[debug] [2024-05-09T13:48:03.553Z] [unzip] Entry: client/assets/ (compressed_size=0 bytes, uncompressed_size=0 bytes)
[debug] [2024-05-09T13:48:03.553Z] [unzip] Processing entry: client\assets\
[debug] [2024-05-09T13:48:03.554Z] [unzip] mkdir: C:\Users\Talha Tariq\.cache\firebase\emulators\ui-v1.11.8\client\assets\
[debug] [2024-05-09T13:48:03.554Z] [unzip] Entry: client/assets/extensions/ (compressed_size=0 bytes, uncompressed_size=0 bytes)
[debug] [2024-05-09T13:48:03.554Z] [unzip] Processing entry: client\assets\extensions\
[debug] [2024-05-09T13:48:03.554Z] [unzip] mkdir: C:\Users\Talha Tariq\.cache\firebase\emulators\ui-v1.11.8\client\assets\extensions\
[debug] [2024-05-09T13:48:03.555Z] [unzip] Entry: client/assets/extensions/default-extension.png (compressed_size=1646 bytes, uncompressed_size=1657 bytes)
[debug] [2024-05-09T13:48:03.555Z] [unzip] Processing entry: client\assets\extensions\default-extension.png
[debug] [2024-05-09T13:48:03.555Z] [unzip] else mkdir: C:\Users\Talha Tariq\.cache\firebase\emulators\ui-v1.11.8\client\assets\extensions
[debug] [2024-05-09T13:48:03.555Z] [unzip] deflating: C:\Users\Talha Tariq\.cache\firebase\emulators\ui-v1.11.8\client\assets\extensions\default-extension.png
[debug] [2024-05-09T13:48:03.557Z] [unzip] Entry: client/assets/index-Z4-ilXvq.js.map (compressed_size=2229704 bytes, uncompressed_size=9599487 bytes)
[debug] [2024-05-09T13:48:03.557Z] [unzip] Processing entry: client\assets\index-Z4-ilXvq.js.map
[debug] [2024-05-09T13:48:03.557Z] [unzip] else mkdir: C:\Users\Talha Tariq\.cache\firebase\emulators\ui-v1.11.8\client\assets
[debug] [2024-05-09T13:48:03.557Z] [unzip] deflating: C:\Users\Talha Tariq\.cache\firebase\emulators\ui-v1.11.8\client\assets\index-Z4-ilXvq.js.map
[debug] [2024-05-09T13:48:03.642Z] [unzip] Entry: client/assets/provider-icons/ (compressed_size=0 bytes, uncompressed_size=0 bytes)
[debug] [2024-05-09T13:48:03.642Z] [unzip] Processing entry: client\assets\provider-icons\
[debug] [2024-05-09T13:48:03.642Z] [unzip] mkdir: C:\Users\Talha Tariq\.cache\firebase\emulators\ui-v1.11.8\client\assets\provider-icons\
[debug] [2024-05-09T13:48:03.642Z] [unzip] Entry: client/assets/provider-icons/auth_service_oidc.svg (compressed_size=414 bytes, uncompressed_size=858 bytes)
[debug] [2024-05-09T13:48:03.643Z] [unzip] Processing entry: client\assets\provider-icons\auth_service_oidc.svg
[debug] [2024-05-09T13:48:03.643Z] [unzip] else mkdir: C:\Users\Talha Tariq\.cache\firebase\emulators\ui-v1.11.8\client\assets\provider-icons
[debug] [2024-05-09T13:48:03.643Z] [unzip] deflating: C:\Users\Talha Tariq\.cache\firebase\emulators\ui-v1.11.8\client\assets\provider-icons\auth_service_oidc.svg
[debug] [2024-05-09T13:48:03.645Z] [unzip] Entry: client/assets/provider-icons/auth_service_yahoo.svg (compressed_size=577 bytes, uncompressed_size=1182 bytes)
[debug] [2024-05-09T13:48:03.645Z] [unzip] Processing entry: client\assets\provider-icons\auth_service_yahoo.svg
[debug] [2024-05-09T13:48:03.645Z] [unzip] else mkdir: C:\Users\Talha Tariq\.cache\firebase\emulators\ui-v1.11.8\client\assets\provider-icons
[debug] [2024-05-09T13:48:03.646Z] [unzip] deflating: C:\Users\Talha Tariq\.cache\firebase\emulators\ui-v1.11.8\client\assets\provider-icons\auth_service_yahoo.svg
[debug] [2024-05-09T13:48:03.647Z] [unzip] Entry: client/assets/provider-icons/auth_service_phone.svg (compressed_size=261 bytes, uncompressed_size=414 bytes)
[debug] [2024-05-09T13:48:03.648Z] [unzip] Processing entry: client\assets\provider-icons\auth_service_phone.svg
[debug] [2024-05-09T13:48:03.648Z] [unzip] else mkdir: C:\Users\Talha Tariq\.cache\firebase\emulators\ui-v1.11.8\client\assets\provider-icons
[debug] [2024-05-09T13:48:03.648Z] [unzip] deflating: C:\Users\Talha Tariq\.cache\firebase\emulators\ui-v1.11.8\client\assets\provider-icons\auth_service_phone.svg
[debug] [2024-05-09T13:48:03.655Z] [unzip] Entry: client/assets/provider-icons/auth_service_saml.svg (compressed_size=575 bytes, uncompressed_size=1226 bytes)
[debug] [2024-05-09T13:48:03.655Z] [unzip] Processing entry: client\assets\provider-icons\auth_service_saml.svg
[debug] [2024-05-09T13:48:03.655Z] [unzip] else mkdir: C:\Users\Talha Tariq\.cache\firebase\emulators\ui-v1.11.8\client\assets\provider-icons
[debug] [2024-05-09T13:48:03.655Z] [unzip] deflating: C:\Users\Talha Tariq\.cache\firebase\emulators\ui-v1.11.8\client\assets\provider-icons\auth_service_saml.svg
[debug] [2024-05-09T13:48:03.657Z] [unzip] Entry: client/assets/provider-icons/auth_service_mslive.svg (compressed_size=203 bytes, uncompressed_size=378 bytes)
[debug] [2024-05-09T13:48:03.658Z] [unzip] Processing entry: client\assets\provider-icons\auth_service_mslive.svg
[debug] [2024-05-09T13:48:03.658Z] [unzip] else mkdir: C:\Users\Talha Tariq\.cache\firebase\emulators\ui-v1.11.8\client\assets\provider-icons
[debug] [2024-05-09T13:48:03.658Z] [unzip] deflating: C:\Users\Talha Tariq\.cache\firebase\emulators\ui-v1.11.8\client\assets\provider-icons\auth_service_mslive.svg
[debug] [2024-05-09T13:48:03.660Z] [unzip] Entry: client/assets/provider-icons/auth_service_facebook.svg (compressed_size=289 bytes, uncompressed_size=457 bytes)
[debug] [2024-05-09T13:48:03.661Z] [unzip] Processing entry: client\assets\provider-icons\auth_service_facebook.svg
[debug] [2024-05-09T13:48:03.661Z] [unzip] else mkdir: C:\Users\Talha Tariq\.cache\firebase\emulators\ui-v1.11.8\client\assets\provider-icons
[debug] [2024-05-09T13:48:03.662Z] [unzip] deflating: C:\Users\Talha Tariq\.cache\firebase\emulators\ui-v1.11.8\client\assets\provider-icons\auth_service_facebook.svg
[debug] [2024-05-09T13:48:03.663Z] [unzip] Entry: client/assets/provider-icons/auth_service_play_games.svg (compressed_size=565 bytes, uncompressed_size=1173 bytes)
[debug] [2024-05-09T13:48:03.663Z] [unzip] Processing entry: client\assets\provider-icons\auth_service_play_games.svg
[debug] [2024-05-09T13:48:03.663Z] [unzip] else mkdir: C:\Users\Talha Tariq\.cache\firebase\emulators\ui-v1.11.8\client\assets\provider-icons
[debug] [2024-05-09T13:48:03.664Z] [unzip] deflating: C:\Users\Talha Tariq\.cache\firebase\emulators\ui-v1.11.8\client\assets\provider-icons\auth_service_play_games.svg
[debug] [2024-05-09T13:48:03.665Z] [unzip] Entry: client/assets/provider-icons/auth_service_github.svg (compressed_size=466 bytes, uncompressed_size=838 bytes)
[debug] [2024-05-09T13:48:03.666Z] [unzip] Processing entry: client\assets\provider-icons\auth_service_github.svg
[debug] [2024-05-09T13:48:03.666Z] [unzip] else mkdir: C:\Users\Talha Tariq\.cache\firebase\emulators\ui-v1.11.8\client\assets\provider-icons
[debug] [2024-05-09T13:48:03.666Z] [unzip] deflating: C:\Users\Talha Tariq\.cache\firebase\emulators\ui-v1.11.8\client\assets\provider-icons\auth_service_github.svg
[debug] [2024-05-09T13:48:03.667Z] [unzip] Entry: client/assets/provider-icons/auth_service_apple.svg (compressed_size=230 bytes, uncompressed_size=334 bytes)
[debug] [2024-05-09T13:48:03.668Z] [unzip] Processing entry: client\assets\provider-icons\auth_service_apple.svg
[debug] [2024-05-09T13:48:03.668Z] [unzip] else mkdir: C:\Users\Talha Tariq\.cache\firebase\emulators\ui-v1.11.8\client\assets\provider-icons
[debug] [2024-05-09T13:48:03.668Z] [unzip] deflating: C:\Users\Talha Tariq\.cache\firebase\emulators\ui-v1.11.8\client\assets\provider-icons\auth_service_apple.svg
[debug] [2024-05-09T13:48:03.669Z] [unzip] Entry: client/assets/provider-icons/auth_service_google.svg (compressed_size=409 bytes, uncompressed_size=720 bytes)
[debug] [2024-05-09T13:48:03.669Z] [unzip] Processing entry: client\assets\provider-icons\auth_service_google.svg
[debug] [2024-05-09T13:48:03.669Z] [unzip] else mkdir: C:\Users\Talha Tariq\.cache\firebase\emulators\ui-v1.11.8\client\assets\provider-icons
[debug] [2024-05-09T13:48:03.670Z] [unzip] deflating: C:\Users\Talha Tariq\.cache\firebase\emulators\ui-v1.11.8\client\assets\provider-icons\auth_service_google.svg
[debug] [2024-05-09T13:48:03.671Z] [unzip] Entry: client/assets/provider-icons/auth_service_email.svg (compressed_size=228 bytes, uncompressed_size=326 bytes)
[debug] [2024-05-09T13:48:03.671Z] [unzip] Processing entry: client\assets\provider-icons\auth_service_email.svg
[debug] [2024-05-09T13:48:03.671Z] [unzip] else mkdir: C:\Users\Talha Tariq\.cache\firebase\emulators\ui-v1.11.8\client\assets\provider-icons
[debug] [2024-05-09T13:48:03.672Z] [unzip] deflating: C:\Users\Talha Tariq\.cache\firebase\emulators\ui-v1.11.8\client\assets\provider-icons\auth_service_email.svg
[debug] [2024-05-09T13:48:03.673Z] [unzip] Entry: client/assets/provider-icons/auth_service_twitter.svg (compressed_size=444 bytes, uncompressed_size=751 bytes)
[debug] [2024-05-09T13:48:03.673Z] [unzip] Processing entry: client\assets\provider-icons\auth_service_twitter.svg
[debug] [2024-05-09T13:48:03.674Z] [unzip] else mkdir: C:\Users\Talha Tariq\.cache\firebase\emulators\ui-v1.11.8\client\assets\provider-icons
[debug] [2024-05-09T13:48:03.674Z] [unzip] deflating: C:\Users\Talha Tariq\.cache\firebase\emulators\ui-v1.11.8\client\assets\provider-icons\auth_service_twitter.svg
[debug] [2024-05-09T13:48:03.675Z] [unzip] Entry: client/assets/provider-icons/auth_service_game_center.svg (compressed_size=991 bytes, uncompressed_size=3921 bytes)
[debug] [2024-05-09T13:48:03.675Z] [unzip] Processing entry: client\assets\provider-icons\auth_service_game_center.svg
[debug] [2024-05-09T13:48:03.675Z] [unzip] else mkdir: C:\Users\Talha Tariq\.cache\firebase\emulators\ui-v1.11.8\client\assets\provider-icons
[debug] [2024-05-09T13:48:03.676Z] [unzip] deflating: C:\Users\Talha Tariq\.cache\firebase\emulators\ui-v1.11.8\client\assets\provider-icons\auth_service_game_center.svg
[debug] [2024-05-09T13:48:03.677Z] [unzip] Entry: client/assets/img/ (compressed_size=0 bytes, uncompressed_size=0 bytes)
[debug] [2024-05-09T13:48:03.678Z] [unzip] Processing entry: client\assets\img\
[debug] [2024-05-09T13:48:03.678Z] [unzip] mkdir: C:\Users\Talha Tariq\.cache\firebase\emulators\ui-v1.11.8\client\assets\img\
[debug] [2024-05-09T13:48:03.679Z] [unzip] Entry: client/assets/img/database.png (compressed_size=29449 bytes, uncompressed_size=29988 bytes)
[debug] [2024-05-09T13:48:03.679Z] [unzip] Processing entry: client\assets\img\database.png
[debug] [2024-05-09T13:48:03.679Z] [unzip] else mkdir: C:\Users\Talha Tariq\.cache\firebase\emulators\ui-v1.11.8\client\assets\img
[debug] [2024-05-09T13:48:03.679Z] [unzip] deflating: C:\Users\Talha Tariq\.cache\firebase\emulators\ui-v1.11.8\client\assets\img\database.png
[debug] [2024-05-09T13:48:03.681Z] [unzip] Entry: client/assets/index-Cj5I7867.css (compressed_size=35786 bytes, uncompressed_size=297937 bytes)
[debug] [2024-05-09T13:48:03.681Z] [unzip] Processing entry: client\assets\index-Cj5I7867.css
[debug] [2024-05-09T13:48:03.681Z] [unzip] else mkdir: C:\Users\Talha Tariq\.cache\firebase\emulators\ui-v1.11.8\client\assets
[debug] [2024-05-09T13:48:03.681Z] [unzip] deflating: C:\Users\Talha Tariq\.cache\firebase\emulators\ui-v1.11.8\client\assets\index-Cj5I7867.css
[debug] [2024-05-09T13:48:03.685Z] [unzip] Entry: client/assets/index-Z4-ilXvq.js (compressed_size=563876 bytes, uncompressed_size=2021818 bytes)
[debug] [2024-05-09T13:48:03.685Z] [unzip] Processing entry: client\assets\index-Z4-ilXvq.js
[debug] [2024-05-09T13:48:03.685Z] [unzip] else mkdir: C:\Users\Talha Tariq\.cache\firebase\emulators\ui-v1.11.8\client\assets
[debug] [2024-05-09T13:48:03.685Z] [unzip] deflating: C:\Users\Talha Tariq\.cache\firebase\emulators\ui-v1.11.8\client\assets\index-Z4-ilXvq.js
[debug] [2024-05-09T13:48:03.703Z] [unzip] Entry: client/safari-pinned-tab.svg (compressed_size=838 bytes, uncompressed_size=1504 bytes)
[debug] [2024-05-09T13:48:03.703Z] [unzip] Processing entry: client\safari-pinned-tab.svg
[debug] [2024-05-09T13:48:03.703Z] [unzip] else mkdir: C:\Users\Talha Tariq\.cache\firebase\emulators\ui-v1.11.8\client
[debug] [2024-05-09T13:48:03.703Z] [unzip] deflating: C:\Users\Talha Tariq\.cache\firebase\emulators\ui-v1.11.8\client\safari-pinned-tab.svg
[debug] [2024-05-09T13:48:03.705Z] [unzip] Entry: client/mstile-150x150.png (compressed_size=5406 bytes, uncompressed_size=5723 bytes)
[debug] [2024-05-09T13:48:03.705Z] [unzip] Processing entry: client\mstile-150x150.png
[debug] [2024-05-09T13:48:03.705Z] [unzip] else mkdir: C:\Users\Talha Tariq\.cache\firebase\emulators\ui-v1.11.8\client
[debug] [2024-05-09T13:48:03.705Z] [unzip] deflating: C:\Users\Talha Tariq\.cache\firebase\emulators\ui-v1.11.8\client\mstile-150x150.png
[debug] [2024-05-09T13:48:03.707Z] [unzip] Entry: client/browserconfig.xml (compressed_size=491 bytes, uncompressed_size=822 bytes)
[debug] [2024-05-09T13:48:03.707Z] [unzip] Processing entry: client\browserconfig.xml
[debug] [2024-05-09T13:48:03.707Z] [unzip] else mkdir: C:\Users\Talha Tariq\.cache\firebase\emulators\ui-v1.11.8\client
[debug] [2024-05-09T13:48:03.707Z] [unzip] deflating: C:\Users\Talha Tariq\.cache\firebase\emulators\ui-v1.11.8\client\browserconfig.xml
[debug] [2024-05-09T13:48:03.709Z] [unzip] Entry: client/robots.txt (compressed_size=26 bytes, uncompressed_size=26 bytes)
[debug] [2024-05-09T13:48:03.709Z] [unzip] Processing entry: client\robots.txt
[debug] [2024-05-09T13:48:03.709Z] [unzip] else mkdir: C:\Users\Talha Tariq\.cache\firebase\emulators\ui-v1.11.8\client
[debug] [2024-05-09T13:48:03.709Z] [unzip] Writing file: C:\Users\Talha Tariq\.cache\firebase\emulators\ui-v1.11.8\client\robots.txt
[debug] [2024-05-09T13:48:03.711Z] [unzip] Entry: client/index.html (compressed_size=1365 bytes, uncompressed_size=3071 bytes)
[debug] [2024-05-09T13:48:03.711Z] [unzip] Processing entry: client\index.html
[debug] [2024-05-09T13:48:03.711Z] [unzip] else mkdir: C:\Users\Talha Tariq\.cache\firebase\emulators\ui-v1.11.8\client
[debug] [2024-05-09T13:48:03.711Z] [unzip] deflating: C:\Users\Talha Tariq\.cache\firebase\emulators\ui-v1.11.8\client\index.html
[debug] [2024-05-09T13:48:03.713Z] [unzip] Entry: client/favicon-16x16.png (compressed_size=757 bytes, uncompressed_size=777 bytes)
[debug] [2024-05-09T13:48:03.713Z] [unzip] Processing entry: client\favicon-16x16.png
[debug] [2024-05-09T13:48:03.713Z] [unzip] else mkdir: C:\Users\Talha Tariq\.cache\firebase\emulators\ui-v1.11.8\client
[debug] [2024-05-09T13:48:03.713Z] [unzip] deflating: C:\Users\Talha Tariq\.cache\firebase\emulators\ui-v1.11.8\client\favicon-16x16.png
[debug] [2024-05-09T13:48:03.715Z] [unzip] Entry: client/manifest.json (compressed_size=246 bytes, uncompressed_size=551 bytes)
[debug] [2024-05-09T13:48:03.715Z] [unzip] Processing entry: client\manifest.json
[debug] [2024-05-09T13:48:03.715Z] [unzip] else mkdir: C:\Users\Talha Tariq\.cache\firebase\emulators\ui-v1.11.8\client
[debug] [2024-05-09T13:48:03.715Z] [unzip] deflating: C:\Users\Talha Tariq\.cache\firebase\emulators\ui-v1.11.8\client\manifest.json
[debug] [2024-05-09T13:48:03.716Z] [unzip] Entry: client/favicon-32x32.png (compressed_size=1175 bytes, uncompressed_size=1175 bytes)
[debug] [2024-05-09T13:48:03.716Z] [unzip] Processing entry: client\favicon-32x32.png
[debug] [2024-05-09T13:48:03.717Z] [unzip] else mkdir: C:\Users\Talha Tariq\.cache\firebase\emulators\ui-v1.11.8\client
[debug] [2024-05-09T13:48:03.717Z] [unzip] Writing file: C:\Users\Talha Tariq\.cache\firebase\emulators\ui-v1.11.8\client\favicon-32x32.png
[debug] [2024-05-09T13:48:03.718Z] [unzip] Entry: client/android-chrome-192x192.png (compressed_size=7602 bytes, uncompressed_size=7834 bytes)
[debug] [2024-05-09T13:48:03.718Z] [unzip] Processing entry: client\android-chrome-192x192.png
[debug] [2024-05-09T13:48:03.718Z] [unzip] else mkdir: C:\Users\Talha Tariq\.cache\firebase\emulators\ui-v1.11.8\client
[debug] [2024-05-09T13:48:03.718Z] [unzip] deflating: C:\Users\Talha Tariq\.cache\firebase\emulators\ui-v1.11.8\client\android-chrome-192x192.png
[debug] [2024-05-09T13:48:03.719Z] [unzip] Entry: server/ (compressed_size=0 bytes, uncompressed_size=0 bytes)
[debug] [2024-05-09T13:48:03.720Z] [unzip] Processing entry: server\
[debug] [2024-05-09T13:48:03.720Z] [unzip] mkdir: C:\Users\Talha Tariq\.cache\firebase\emulators\ui-v1.11.8\server\
[debug] [2024-05-09T13:48:03.720Z] [unzip] Entry: server/server.mjs (compressed_size=311497 bytes, uncompressed_size=1147307 bytes)
[debug] [2024-05-09T13:48:03.721Z] [unzip] Processing entry: server\server.mjs
[debug] [2024-05-09T13:48:03.721Z] [unzip] else mkdir: C:\Users\Talha Tariq\.cache\firebase\emulators\ui-v1.11.8\server
[debug] [2024-05-09T13:48:03.721Z] [unzip] deflating: C:\Users\Talha Tariq\.cache\firebase\emulators\ui-v1.11.8\server\server.mjs
[debug] [2024-05-09T13:48:03.731Z] [unzip] Entry: server/assets/ (compressed_size=0 bytes, uncompressed_size=0 bytes)
[debug] [2024-05-09T13:48:03.731Z] [unzip] Processing entry: server\assets\
[debug] [2024-05-09T13:48:03.731Z] [unzip] mkdir: C:\Users\Talha Tariq\.cache\firebase\emulators\ui-v1.11.8\server\assets\
[debug] [2024-05-09T13:48:03.732Z] [unzip] Entry: server/assets/multipart-parser-n20ATYm_.mjs.map (compressed_size=4790 bytes, uncompressed_size=17920 bytes)
[debug] [2024-05-09T13:48:03.732Z] [unzip] Processing entry: server\assets\multipart-parser-n20ATYm_.mjs.map
[debug] [2024-05-09T13:48:03.732Z] [unzip] else mkdir: C:\Users\Talha Tariq\.cache\firebase\emulators\ui-v1.11.8\server\assets
[debug] [2024-05-09T13:48:03.732Z] [unzip] deflating: C:\Users\Talha Tariq\.cache\firebase\emulators\ui-v1.11.8\server\assets\multipart-parser-n20ATYm_.mjs.map
[debug] [2024-05-09T13:48:03.734Z] [unzip] Entry: server/assets/multipart-parser-n20ATYm_.mjs (compressed_size=2625 bytes, uncompressed_size=10428 bytes)
[debug] [2024-05-09T13:48:03.734Z] [unzip] Processing entry: server\assets\multipart-parser-n20ATYm_.mjs
[debug] [2024-05-09T13:48:03.734Z] [unzip] else mkdir: C:\Users\Talha Tariq\.cache\firebase\emulators\ui-v1.11.8\server\assets
[debug] [2024-05-09T13:48:03.734Z] [unzip] deflating: C:\Users\Talha Tariq\.cache\firebase\emulators\ui-v1.11.8\server\assets\multipart-parser-n20ATYm_.mjs
[debug] [2024-05-09T13:48:03.736Z] [unzip] Entry: server/server.mjs.map (compressed_size=286219 bytes, uncompressed_size=1310517 bytes)
[debug] [2024-05-09T13:48:03.736Z] [unzip] Processing entry: server\server.mjs.map
[debug] [2024-05-09T13:48:03.736Z] [unzip] else mkdir: C:\Users\Talha Tariq\.cache\firebase\emulators\ui-v1.11.8\server
[debug] [2024-05-09T13:48:03.737Z] [unzip] deflating: C:\Users\Talha Tariq\.cache\firebase\emulators\ui-v1.11.8\server\server.mjs.map
[debug] [2024-05-09T13:48:03.750Z] Ignoring unsupported arg: auto_download {"metadata":{"emulator":{"name":"ui"},"message":"Ignoring unsupported arg: auto_download"}}
[debug] [2024-05-09T13:48:03.751Z] Ignoring unsupported arg: port {"metadata":{"emulator":{"name":"ui"},"message":"Ignoring unsupported arg: port"}}
[debug] [2024-05-09T13:48:03.751Z] Starting Emulator UI with command {"binary":"node","args":["C:\\Users\\Talha Tariq\\.cache\\firebase\\emulators\\ui-v1.11.8\\server\\server.mjs"],"optionalArgs":[],"joinArgs":false,"shell":false} {"metadata":{"emulator":{"name":"ui"},"message":"Starting Emulator UI with command {\"binary\":\"node\",\"args\":[\"C:\\\\Users\\\\Talha Tariq\\\\.cache\\\\firebase\\\\emulators\\\\ui-v1.11.8\\\\server\\\\server.mjs\"],\"optionalArgs\":[],\"joinArgs\":false,\"shell\":false}"}}
[info] i  ui: Emulator UI logging to ui-debug.log {"metadata":{"emulator":{"name":"ui"},"message":"Emulator UI logging to \u001b[1mui-debug.log\u001b[22m"}}
[debug] [2024-05-09T13:48:03.981Z] Web / API server started at 127.0.0.1:4000
 {"metadata":{"emulator":{"name":"ui"},"message":"Web / API server started at 127.0.0.1:4000\n"}}
[debug] [2024-05-09T13:48:03.981Z] Web / API server started at ::1:4000
 {"metadata":{"emulator":{"name":"ui"},"message":"Web / API server started at ::1:4000\n"}}
[info] 
┌─────────────────────────────────────────────────────────────┐
│ ✔  All emulators ready! It is now safe to connect your app. │
│ i  View Emulator UI at http://127.0.0.1:4000/               │
└─────────────────────────────────────────────────────────────┘

┌───────────┬────────────────┬─────────────────────────────────┐
│ Emulator  │ Host:Port      │ View in Emulator UI             │
├───────────┼────────────────┼─────────────────────────────────┤
│ Firestore │ 127.0.0.1:8080 │ http://127.0.0.1:4000/firestore │
└───────────┴────────────────┴─────────────────────────────────┘
  Emulator Hub running at 127.0.0.1:4400
  Other reserved ports: 4500, 9150

Issues? Report them at https://github.com/firebase/firebase-tools/issues and attach the *-debug.log files.
 
